<?xml version="1.0" encoding="UTF-8"?>
<!-- Generated by org.testng.reporters.JUnitReportReporter -->
<testsuite hostname="DESKTOP-RBMAVSC" failures="0" tests="7" name="com.zim.zim.TestZimApp" time="23.667" errors="0" timestamp="2022-01-20T11:33:05 IST" skipped="0">
  <testcase classname="com.zim.zim.TestZimApp" name="Test3" time="1.868"/>
  <system-out/>
  <testcase classname="com.zim.zim.TestZimApp" name="Test5" time="4.481"/>
  <system-out/>
  <testcase classname="com.zim.zim.TestZimApp" name="Test6" time="0.965"/>
  <system-out/>
  <testcase classname="com.zim.zim.TestZimApp" name="Test2" time="11.607"/>
  <system-out/>
  <testcase classname="com.zim.zim.TestZimApp" name="Test7" time="0.241"/>
  <system-out/>
  <testcase classname="com.zim.zim.TestZimApp" name="Test1" time="3.152"/>
  <system-out/>
  <testcase classname="com.zim.zim.TestZimApp" name="Test4" time="1.353"/>
  <system-out/>
</testsuite> <!-- com.zim.zim.TestZimApp -->
