<?xml version="1.0" encoding="UTF-8"?>
<!-- Generated by org.testng.reporters.JUnitReportReporter -->
<testsuite hostname="DESKTOP-RBMAVSC" failures="0" tests="7" name="com.zim.zim.NewTest" time="19.919" errors="0" timestamp="2022-01-19T23:47:08 IST" skipped="0">
  <testcase classname="com.zim.zim.NewTest" name="Test3" time="1.890"/>
  <system-out/>
  <testcase classname="com.zim.zim.NewTest" name="Test5" time="4.050"/>
  <system-out/>
  <testcase classname="com.zim.zim.NewTest" name="Test6" time="1.039"/>
  <system-out/>
  <testcase classname="com.zim.zim.NewTest" name="Test2" time="7.102"/>
  <system-out/>
  <testcase classname="com.zim.zim.NewTest" name="Test7" time="0.259"/>
  <system-out/>
  <testcase classname="com.zim.zim.NewTest" name="Test1" time="4.204"/>
  <system-out/>
  <testcase classname="com.zim.zim.NewTest" name="Test4" time="1.375"/>
  <system-out/>
</testsuite> <!-- com.zim.zim.NewTest -->
